Clock: clk
Sources: wb_clk_i 
Generated: no
Virtual: yes
Propagated: no
Period: 25.000000

===========================================================================
report_clock_properties
============================================================================
Clock                   Period          Waveform
----------------------------------------------------
clk                  25.000000    0.000000 12.500000

===========================================================================
report_clock_latency
============================================================================
Clock clk
rise -> rise
    min     max
4.650000 5.570000 source latency
5.465167         network latency _35073_/CLK
        6.563598 network latency _35568_/CLK
---------------
10.115167 12.133597 latency
        2.018431 skew

fall -> fall
    min     max
4.650000 5.570000 source latency
5.597398         network latency _35073_/CLK
        6.677946 network latency _35568_/CLK
---------------
10.247397 12.247945 latency
        2.000547 skew



===========================================================================
report_clock_min_period
============================================================================
clk period_min = 3.22 fmax = 310.13
