Clock: clk
Sources: wb_clk_i 
Generated: no
Virtual: yes
Propagated: no
Period: 25.000000

===========================================================================
report_clock_properties
============================================================================
Clock                   Period          Waveform
----------------------------------------------------
clk                  25.000000    0.000000 12.500000

===========================================================================
report_clock_latency
============================================================================
Clock clk
rise -> rise
    min     max
4.650000 5.570000 source latency
5.894802         network latency _35073_/CLK
        7.081651 network latency _35806_/CLK
---------------
10.544802 12.651650 latency
        2.106849 skew

fall -> fall
    min     max
4.650000 5.570000 source latency
5.965489         network latency _35073_/CLK
        7.118374 network latency _35806_/CLK
---------------
10.615489 12.688374 latency
        2.072884 skew



===========================================================================
report_clock_min_period
============================================================================
clk period_min = 5.21 fmax = 192.00
