Clock: clk
Sources: wb_clk_i 
Generated: no
Virtual: yes
Propagated: no
Period: 25.000000

===========================================================================
report_clock_properties
============================================================================
Clock                   Period          Waveform
----------------------------------------------------
clk                  25.000000    0.000000 12.500000

===========================================================================
report_clock_latency
============================================================================
Clock clk
rise -> rise
    min     max
4.650000 5.570000 source latency
6.748376         network latency _35073_/CLK
        8.134229 network latency _35568_/CLK
---------------
11.398376 13.704229 latency
        2.305853 skew

fall -> fall
    min     max
4.650000 5.570000 source latency
6.712607         network latency _35073_/CLK
        8.041113 network latency _35568_/CLK
---------------
11.362607 13.611113 latency
        2.248505 skew



===========================================================================
report_clock_min_period
============================================================================
clk period_min = 10.42 fmax = 96.01
