Clock: clk
Sources: wb_clk_i 
Generated: no
Virtual: yes
Propagated: no
Period: 25.000000

===========================================================================
report_clock_properties
============================================================================
Clock                   Period          Waveform
----------------------------------------------------
clk                  25.000000    0.000000 12.500000

===========================================================================
report_clock_latency
============================================================================
Clock clk
rise -> rise
    min     max
4.650000 5.570000 source latency
5.916294         network latency _35073_/CLK
        7.107338 network latency _37252_/CLK
---------------
10.566295 12.677339 latency
        2.111044 skew

fall -> fall
    min     max
4.650000 5.570000 source latency
5.991371         network latency _35073_/CLK
        7.149826 network latency _37252_/CLK
---------------
10.641371 12.719826 latency
        2.078455 skew



===========================================================================
report_clock_min_period
============================================================================
clk period_min = 5.22 fmax = 191.54
