Clock: clk
Sources: wb_clk_i 
Generated: no
Virtual: yes
Propagated: no
Period: 25.000000

===========================================================================
report_clock_properties
============================================================================
Clock                   Period          Waveform
----------------------------------------------------
clk                  25.000000    0.000000 12.500000

===========================================================================
report_clock_latency
============================================================================
Clock clk
rise -> rise
    min     max
4.650000 5.570000 source latency
5.877593         network latency _35073_/CLK
        7.062256 network latency _35568_/CLK
---------------
10.527594 12.632257 latency
        2.104663 skew

fall -> fall
    min     max
4.650000 5.570000 source latency
5.944287         network latency _35073_/CLK
        7.094974 network latency _35568_/CLK
---------------
10.594287 12.664973 latency
        2.070687 skew



===========================================================================
report_clock_min_period
============================================================================
clk period_min = 5.20 fmax = 192.22
