Clock: clk
Sources: wb_clk_i 
Generated: no
Virtual: yes
Propagated: no
Period: 25.000000

===========================================================================
report_clock_properties
============================================================================
Clock                   Period          Waveform
----------------------------------------------------
clk                  25.000000    0.000000 12.500000

===========================================================================
report_clock_latency
============================================================================
Clock clk
rise -> rise
    min     max
4.650000 5.570000 source latency
5.479366         network latency _35073_/CLK
        6.579729 network latency _35806_/CLK
---------------
10.129366 12.149729 latency
        2.020363 skew

fall -> fall
    min     max
4.650000 5.570000 source latency
5.617448         network latency _35073_/CLK
        6.700347 network latency _35806_/CLK
---------------
10.267447 12.270347 latency
        2.002899 skew



===========================================================================
report_clock_min_period
============================================================================
clk period_min = 3.23 fmax = 309.56
